[22:15:24] [Client thread/INFO]: Setting user: Player496
[22:15:31] [Client thread/WARN]: Skipping bad option: lastServer:
[22:15:31] [Client thread/INFO]: LWJGL Version: 2.9.4
[22:15:36] [Client thread/INFO]: Reloading ResourceManager: Default, FMLFileResourcePack:Forge Mod Loader, FMLFileResourcePack:Minecraft Forge, FMLFileResourcePack:Chicken Mod
[22:15:41] [Sound Library Loader/INFO]: Starting up SoundSystem...
[22:15:42] [Thread-8/INFO]: Initializing LWJGL OpenAL
[22:15:42] [Thread-8/INFO]: (The LWJGL binding of OpenAL.  For more information, see http://www.lwjgl.org)
[22:15:42] [Thread-8/INFO]: OpenAL initialized.
[22:15:42] [Sound Library Loader/INFO]: Sound engine started
[22:15:49] [Client thread/INFO]: Created: 16x16 textures-atlas
[22:15:50] [Client thread/INFO]: Reloading ResourceManager: Default, FMLFileResourcePack:Forge Mod Loader, FMLFileResourcePack:Minecraft Forge, FMLFileResourcePack:Chicken Mod
[22:15:54] [Client thread/INFO]: SoundSystem shutting down...
[22:15:55] [Client thread/WARN]: Author: Paul Lamb, www.paulscode.com
[22:15:55] [Sound Library Loader/INFO]: Starting up SoundSystem...
[22:15:55] [Thread-10/INFO]: Initializing LWJGL OpenAL
[22:15:55] [Thread-10/INFO]: (The LWJGL binding of OpenAL.  For more information, see http://www.lwjgl.org)
[22:15:55] [Thread-10/INFO]: OpenAL initialized.
[22:15:55] [Sound Library Loader/INFO]: Sound engine started
[22:16:01] [Client thread/INFO]: Created: 512x512 textures-atlas
[22:16:03] [Client thread/WARN]: Skipping bad option: lastServer:
[22:16:04] [Realms Notification Availability checker #1/INFO]: Could not authorize you against Realms server: Invalid session id
[22:17:12] [Server thread/INFO]: Starting integrated minecraft server version 1.11.2
[22:17:12] [Server thread/INFO]: Generating keypair
[22:17:13] [Server thread/INFO]: Preparing start region for level 0
[22:17:15] [Server thread/INFO]: Preparing spawn area: 0%
[22:17:16] [Server thread/INFO]: Preparing spawn area: 41%
[22:17:17] [Server thread/INFO]: Changing view distance to 12, from 10
[22:17:18] [Server thread/INFO]: Player496[local:E:ff608182] logged in with entity id 266 at (-242.80077160915297, 77.0, 258.30000001192093)
[22:17:18] [Server thread/INFO]: Player496 joined the game
[22:17:20] [Server thread/INFO]: Saving and pausing game...
[22:17:20] [Server thread/INFO]: Saving chunks for level 'OCCWorld'/Overworld
[22:17:20] [Server thread/INFO]: Saving chunks for level 'OCCWorld'/Nether
[22:17:20] [Server thread/INFO]: Saving chunks for level 'OCCWorld'/The End
[22:17:21] [pool-2-thread-1/WARN]: Couldn't look up profile properties for com.mojang.authlib.GameProfile@78fe8f2b[id=8f79be04-4db9-3980-ae1b-e87afab46d4e,name=Player496,properties={},legacy=false]
com.mojang.authlib.exceptions.AuthenticationException: The client has sent too many requests within a certain amount of time
	at com.mojang.authlib.yggdrasil.YggdrasilAuthenticationService.makeRequest(YggdrasilAuthenticationService.java:79) ~[YggdrasilAuthenticationService.class:?]
	at com.mojang.authlib.yggdrasil.YggdrasilMinecraftSessionService.fillGameProfile(YggdrasilMinecraftSessionService.java:180) [YggdrasilMinecraftSessionService.class:?]
	at com.mojang.authlib.yggdrasil.YggdrasilMinecraftSessionService$1.load(YggdrasilMinecraftSessionService.java:60) [YggdrasilMinecraftSessionService$1.class:?]
	at com.mojang.authlib.yggdrasil.YggdrasilMinecraftSessionService$1.load(YggdrasilMinecraftSessionService.java:57) [YggdrasilMinecraftSessionService$1.class:?]
	at com.google.common.cache.LocalCache$LoadingValueReference.loadFuture(LocalCache.java:3524) [guava-17.0.jar:?]
	at com.google.common.cache.LocalCache$Segment.loadSync(LocalCache.java:2317) [guava-17.0.jar:?]
	at com.google.common.cache.LocalCache$Segment.lockedGetOrLoad(LocalCache.java:2280) [guava-17.0.jar:?]
	at com.google.common.cache.LocalCache$Segment.get(LocalCache.java:2195) [guava-17.0.jar:?]
	at com.google.common.cache.LocalCache.get(LocalCache.java:3934) [guava-17.0.jar:?]
	at com.google.common.cache.LocalCache.getOrLoad(LocalCache.java:3938) [guava-17.0.jar:?]
	at com.google.common.cache.LocalCache$LocalLoadingCache.get(LocalCache.java:4821) [guava-17.0.jar:?]
	at com.google.common.cache.LocalCache$LocalLoadingCache.getUnchecked(LocalCache.java:4827) [guava-17.0.jar:?]
	at com.mojang.authlib.yggdrasil.YggdrasilMinecraftSessionService.fillProfileProperties(YggdrasilMinecraftSessionService.java:170) [YggdrasilMinecraftSessionService.class:?]
	at net.minecraft.client.Minecraft.getProfileProperties(Minecraft.java:3056) [Minecraft.class:?]
	at net.minecraft.client.resources.SkinManager$3.run(SkinManager.java:138) [SkinManager$3.class:?]
	at java.util.concurrent.Executors$RunnableAdapter.call(Executors.java:511) [?:1.8.0_144]
	at java.util.concurrent.FutureTask.run(FutureTask.java:266) [?:1.8.0_144]
	at java.util.concurrent.ThreadPoolExecutor.runWorker(ThreadPoolExecutor.java:1149) [?:1.8.0_144]
	at java.util.concurrent.ThreadPoolExecutor$Worker.run(ThreadPoolExecutor.java:624) [?:1.8.0_144]
	at java.lang.Thread.run(Thread.java:748) [?:1.8.0_144]
[22:17:28] [Server thread/INFO]: Saving and pausing game...
[22:17:28] [Server thread/INFO]: Saving chunks for level 'OCCWorld'/Overworld
[22:17:28] [Server thread/INFO]: Saving chunks for level 'OCCWorld'/Nether
[22:17:29] [Server thread/INFO]: Saving chunks for level 'OCCWorld'/The End
[22:17:47] [Client thread/INFO]: Using default channel type
[22:17:47] [Client thread/INFO]: Started on 52495
[22:17:47] [Client thread/INFO]: [CHAT] Local game hosted on port 52495
[22:18:17] [Client thread/INFO]: Warning: Clientside chunk ticking took 187 ms
[22:25:16] [Client thread/INFO]: Warning: Clientside chunk ticking took 298 ms
